<?xml version="1.0" encoding="UTF-8"?>
<!-- Generated by org.testng.reporters.JUnitReportReporter -->
<testsuite skipped="0" hostname="DESKTOP-5VPG43M" name="io.github.amazing010692.testcases.AddCustomerTest" tests="1" failures="0" timestamp="12 Aug 2020 11:54:27 GMT" time="7.439" errors="0">
  <testcase name="addCustomer" time="7.439" classname="io.github.amazing010692.testcases.AddCustomerTest"/>
</testsuite> <!-- io.github.amazing010692.testcases.AddCustomerTest -->
