<?xml version="1.0" encoding="UTF-8"?>
<!-- Generated by org.testng.reporters.JUnitReportReporter -->
<testsuite skipped="0" hostname="DESKTOP-5VPG43M" name="io.github.amazing010692.testcases.LoginTest" tests="1" failures="0" timestamp="10 Aug 2020 16:38:32 GMT" time="10.608" errors="0">
  <testcase name="loginAsBankManager" time="10.608" classname="io.github.amazing010692.testcases.LoginTest"/>
</testsuite> <!-- io.github.amazing010692.testcases.LoginTest -->
