<?xml version="1.0" encoding="UTF-8"?>
<!-- Generated by org.testng.reporters.JUnitReportReporter -->
<testsuite skipped="0" hostname="DESKTOP-5VPG43M" name="io.github.amazing010692.testcases.BankManagerLoginTest" tests="1" failures="0" timestamp="12 Aug 2020 11:14:22 GMT" time="0.988" errors="0">
  <testcase name="loginAsBankManager" time="0.988" classname="io.github.amazing010692.testcases.BankManagerLoginTest"/>
</testsuite> <!-- io.github.amazing010692.testcases.BankManagerLoginTest -->
