<?xml version="1.0" encoding="UTF-8"?>
<!-- Generated by org.testng.reporters.JUnitReportReporter -->
<testsuite skipped="0" hostname="DESKTOP-5VPG43M" name="io.github.amazing010692.testcases.LoginTest" tests="1" failures="0" timestamp="11 Aug 2020 13:22:12 GMT" time="2.170" errors="0">
  <testcase name="loginAsBankManager" time="2.170" classname="io.github.amazing010692.testcases.LoginTest"/>
</testsuite> <!-- io.github.amazing010692.testcases.LoginTest -->
