<?xml version="1.0" encoding="UTF-8"?>
<!-- Generated by org.testng.reporters.JUnitReportReporter -->
<testsuite skipped="0" hostname="DESKTOP-5VPG43M" name="io.github.amazing010692.testcases.OpenAccountTest" tests="1" failures="0" timestamp="31 Aug 2020 14:44:54 GMT" time="3.141" errors="0">
  <testcase name="openAccountTest" time="3.141" classname="io.github.amazing010692.testcases.OpenAccountTest"/>
</testsuite> <!-- io.github.amazing010692.testcases.OpenAccountTest -->
