<?xml version="1.0" encoding="UTF-8"?>
<!-- Generated by org.testng.reporters.JUnitReportReporter -->
<testsuite skipped="0" hostname="DESKTOP-5VPG43M" name="io.github.amazing010692.testcases.AddCustomerTest" tests="1" failures="0" timestamp="13 Aug 2020 17:05:10 GMT" time="2.326" errors="0">
  <testcase name="addCustomer" time="2.326" classname="io.github.amazing010692.testcases.AddCustomerTest"/>
</testsuite> <!-- io.github.amazing010692.testcases.AddCustomerTest -->
