<?xml version="1.0" encoding="UTF-8"?>
<!-- Generated by org.testng.reporters.JUnitReportReporter -->
<testsuite skipped="0" hostname="DESKTOP-5VPG43M" name="io.github.amazing010692.testcases.BankManagerLoginTest" tests="1" failures="0" timestamp="13 Aug 2020 16:22:09 GMT" time="3.475" errors="0">
  <testcase name="loginAsBankManager" time="3.475" classname="io.github.amazing010692.testcases.BankManagerLoginTest"/>
</testsuite> <!-- io.github.amazing010692.testcases.BankManagerLoginTest -->
